\BOOKMARK [1][-]{section.1}{Introducci\363n}{}% 1
\BOOKMARK [1][-]{section.2}{Conocimientos previos}{}% 2
\BOOKMARK [2][-]{subsection.2.1}{Fuerza Bruta}{section.2}% 3
\BOOKMARK [2][-]{subsection.2.2}{Retroceso \(Backtracking\)}{section.2}% 4
\BOOKMARK [2][-]{subsection.2.3}{Problema NP-dif\355cil/completo \(NP-hard/complete\)}{section.2}% 5
\BOOKMARK [1][-]{section.3}{Desarrollo}{}% 6
\BOOKMARK [2][-]{subsection.3.1}{Consejos para implementar una b\372squeda completa}{section.3}% 7
\BOOKMARK [3][-]{subsubsection.3.1.1}{Filtrar vs generar}{subsection.3.1}% 8
\BOOKMARK [3][-]{subsubsection.3.1.2}{Eliminaci\363n temprana del espacio de b\372squeda no viable }{subsection.3.1}% 9
\BOOKMARK [3][-]{subsubsection.3.1.3}{Utilizar simetr\355as}{subsection.3.1}% 10
\BOOKMARK [3][-]{subsubsection.3.1.4}{Prec\341lculo}{subsection.3.1}% 11
\BOOKMARK [3][-]{subsubsection.3.1.5}{Intenta resolver el problema al rev\351s}{subsection.3.1}% 12
\BOOKMARK [3][-]{subsubsection.3.1.6}{Compresi\363n de datos}{subsection.3.1}% 13
\BOOKMARK [3][-]{subsubsection.3.1.7}{Optimizaci\363n de su c\363digo}{subsection.3.1}% 14
\BOOKMARK [1][-]{section.4}{Implementaci\363n}{}% 15
\BOOKMARK [2][-]{subsection.4.1}{B\372squeda completa iterativa}{section.4}% 16
\BOOKMARK [3][-]{subsubsection.4.1.1}{B\372squeda completa iterativa \(Dos bucles anidados\)}{subsection.4.1}% 17
\BOOKMARK [3][-]{subsubsection.4.1.2}{B\372squeda completa iterativa \(Muchos bucles anidados\)}{subsection.4.1}% 18
\BOOKMARK [3][-]{subsubsection.4.1.3}{B\372squeda completa iterativa \(Bucles + Poda\)}{subsection.4.1}% 19
\BOOKMARK [3][-]{subsubsection.4.1.4}{B\372squeda completa iterativa \(Permutaciones\)}{subsection.4.1}% 20
\BOOKMARK [3][-]{subsubsection.4.1.5}{B\372squeda completa iterativa \(Subconjuntos\)}{subsection.4.1}% 21
\BOOKMARK [2][-]{subsection.4.2}{B\372squeda completa recursiva}{section.4}% 22
\BOOKMARK [3][-]{subsubsection.4.2.1}{Retroceso simple}{subsection.4.2}% 23
\BOOKMARK [1][-]{section.5}{Aplicaciones}{}% 24
\BOOKMARK [1][-]{section.6}{Complejidad}{}% 25
\BOOKMARK [1][-]{section.7}{Ejercicios propuestos}{}% 26
